\BOOKMARK [1][-]{section.1}{Quest\343o 1 - Conhecimentos B\341sicos}{}% 1
\BOOKMARK [2][-]{subsection.1.1}{Item a}{section.1}% 2
\BOOKMARK [2][-]{subsection.1.2}{Item b}{section.1}% 3
\BOOKMARK [2][-]{subsection.1.3}{Item c}{section.1}% 4
\BOOKMARK [2][-]{subsection.1.4}{Item d}{section.1}% 5
\BOOKMARK [2][-]{subsection.1.5}{Item e}{section.1}% 6
\BOOKMARK [2][-]{subsection.1.6}{Item f}{section.1}% 7
\BOOKMARK [2][-]{subsection.1.7}{Item g}{section.1}% 8
\BOOKMARK [2][-]{subsection.1.8}{Item h}{section.1}% 9
\BOOKMARK [2][-]{subsection.1.9}{Item i}{section.1}% 10
\BOOKMARK [2][-]{subsection.1.10}{Item j}{section.1}% 11
\BOOKMARK [2][-]{subsection.1.11}{Item k}{section.1}% 12
\BOOKMARK [2][-]{subsection.1.12}{Item l}{section.1}% 13
\BOOKMARK [2][-]{subsection.1.13}{Item m}{section.1}% 14
\BOOKMARK [2][-]{subsection.1.14}{Item n}{section.1}% 15
\BOOKMARK [1][-]{section.2}{Quest\343o 2 - Conhecimentos B\341sicos}{}% 16
\BOOKMARK [2][-]{subsection.2.1}{Item a}{section.2}% 17
\BOOKMARK [2][-]{subsection.2.2}{Item b}{section.2}% 18
\BOOKMARK [2][-]{subsection.2.3}{Item c}{section.2}% 19
\BOOKMARK [2][-]{subsection.2.4}{Item d}{section.2}% 20
\BOOKMARK [2][-]{subsection.2.5}{Item e}{section.2}% 21
\BOOKMARK [2][-]{subsection.2.6}{Item f}{section.2}% 22
\BOOKMARK [2][-]{subsection.2.7}{Item g}{section.2}% 23
\BOOKMARK [2][-]{subsection.2.8}{Item h}{section.2}% 24
\BOOKMARK [1][-]{section.3}{Quest\343o 3 - Conhecimentos B\341sicos}{}% 25
\BOOKMARK [2][-]{subsection.3.1}{Item a}{section.3}% 26
\BOOKMARK [2][-]{subsection.3.2}{Item b}{section.3}% 27
\BOOKMARK [2][-]{subsection.3.3}{Item c}{section.3}% 28
\BOOKMARK [2][-]{subsection.3.4}{Item d}{section.3}% 29
\BOOKMARK [2][-]{subsection.3.5}{Item e}{section.3}% 30
\BOOKMARK [1][-]{section.4}{Quest\343o 4 - Conhecimentos B\341sicos}{}% 31
\BOOKMARK [2][-]{subsection.4.1}{Item a}{section.4}% 32
\BOOKMARK [2][-]{subsection.4.2}{Item b}{section.4}% 33
\BOOKMARK [2][-]{subsection.4.3}{Item c}{section.4}% 34
\BOOKMARK [1][-]{section.5}{Quest\343o 5 - Classifica\347\343o de Sinais}{}% 35
\BOOKMARK [1][-]{section.6}{Quest\343o 6 - Classifica\347\343o de Sistemas}{}% 36
\BOOKMARK [2][-]{subsection.6.1}{Item a}{section.6}% 37
\BOOKMARK [2][-]{subsection.6.2}{Item b}{section.6}% 38
\BOOKMARK [2][-]{subsection.6.3}{Item c}{section.6}% 39
\BOOKMARK [1][-]{section.7}{Quest\343o 7 - Classifica\347\343o de Sistemas}{}% 40
\BOOKMARK [2][-]{subsection.7.1}{Item a}{section.7}% 41
\BOOKMARK [2][-]{subsection.7.2}{Item b}{section.7}% 42
\BOOKMARK [1][-]{section.8}{Quest\343o 8 - Energia e Pot\352ncia de Sinais}{}% 43
\BOOKMARK [1][-]{section.9}{Quest\343o 9 - Opera\347\343o com Sinais}{}% 44
\BOOKMARK [2][-]{subsection.9.1}{Item a}{section.9}% 45
\BOOKMARK [2][-]{subsection.9.2}{Item b}{section.9}% 46
\BOOKMARK [2][-]{subsection.9.3}{Item c}{section.9}% 47
\BOOKMARK [2][-]{subsection.9.4}{Item d}{section.9}% 48
\BOOKMARK [1][-]{section.10}{Quest\343o 10 - Opera\347\343o com Sinais}{}% 49
\BOOKMARK [2][-]{subsection.10.1}{Item a}{section.10}% 50
\BOOKMARK [2][-]{subsection.10.2}{Item b}{section.10}% 51
